<?xml version="1.0" encoding="UTF-8"?>
<!-- Generated by org.testng.reporters.JUnitReportReporter -->
<testsuite hostname="DESKTOP-GCHVIFO" failures="0" tests="5" name="org.testng.MainClass" time="15.213" errors="0" timestamp="14 May 2022 12:59:09 GMT" skipped="0">
  <testcase classname="org.testng.MainClass" name="login" time="9.050"/>
  <testcase classname="org.testng.MainClass" name="createAddress" time="1.763"/>
  <testcase classname="org.testng.MainClass" name="updateAddress" time="1.375"/>
  <testcase classname="org.testng.MainClass" name="getAddress" time="1.733"/>
  <testcase classname="org.testng.MainClass" name="deleteAddress" time="1.292"/>
</testsuite> <!-- org.testng.MainClass -->
